<?xml version="1.0" encoding="UTF-8"?>
<!-- Generated by org.testng.reporters.JUnitReportReporter -->
<testsuite hostname="DESKTOP-BJ49A8N" failures="0" tests="4" name="tsetRunner.runner" time="114.424" errors="0" timestamp="2022-06-20T22:17:22 IST" skipped="0">
  <testcase classname="tsetRunner.runner" name="runScenario" time="12.198"/>
  <system-out/>
  <testcase classname="tsetRunner.runner" name="runScenario" time="19.856"/>
  <system-out/>
  <testcase classname="tsetRunner.runner" name="runScenario" time="54.909"/>
  <system-out/>
  <testcase classname="tsetRunner.runner" name="runScenario" time="27.461"/>
  <system-out/>
</testsuite> <!-- tsetRunner.runner -->
